Determining if the pthread_create exist failed with the following output:
Change Dir: /home/chris/workspace/c4/CMakeFiles/CMakeTmp

Run Build Command:"/usr/bin/make" "cmTC_bf2b7/fast"
make[1]: Entering directory '/home/chris/workspace/c4/CMakeFiles/CMakeTmp'
/usr/bin/make -f CMakeFiles/cmTC_bf2b7.dir/build.make CMakeFiles/cmTC_bf2b7.dir/build
make[2]: Entering directory '/home/chris/workspace/c4/CMakeFiles/CMakeTmp'
Building C object CMakeFiles/cmTC_bf2b7.dir/CheckSymbolExists.c.o
/usr/bin/cc    -o CMakeFiles/cmTC_bf2b7.dir/CheckSymbolExists.c.o   -c /home/chris/workspace/c4/CMakeFiles/CMakeTmp/CheckSymbolExists.c
Linking C executable cmTC_bf2b7
/usr/bin/cmake -E cmake_link_script CMakeFiles/cmTC_bf2b7.dir/link.txt --verbose=1
/usr/bin/cc      -rdynamic CMakeFiles/cmTC_bf2b7.dir/CheckSymbolExists.c.o  -o cmTC_bf2b7 
CMakeFiles/cmTC_bf2b7.dir/CheckSymbolExists.c.o: In function `main':
CheckSymbolExists.c:(.text+0x1b): undefined reference to `pthread_create'
collect2: error: ld returned 1 exit status
CMakeFiles/cmTC_bf2b7.dir/build.make:97: recipe for target 'cmTC_bf2b7' failed
make[2]: *** [cmTC_bf2b7] Error 1
make[2]: Leaving directory '/home/chris/workspace/c4/CMakeFiles/CMakeTmp'
Makefile:126: recipe for target 'cmTC_bf2b7/fast' failed
make[1]: *** [cmTC_bf2b7/fast] Error 2
make[1]: Leaving directory '/home/chris/workspace/c4/CMakeFiles/CMakeTmp'

File /home/chris/workspace/c4/CMakeFiles/CMakeTmp/CheckSymbolExists.c:
/* */
#include <pthread.h>

int main(int argc, char** argv)
{
  (void)argv;
#ifndef pthread_create
  return ((int*)(&pthread_create))[argc];
#else
  (void)argc;
  return 0;
#endif
}

Determining if the function pthread_create exists in the pthreads failed with the following output:
Change Dir: /home/chris/workspace/c4/CMakeFiles/CMakeTmp

Run Build Command:"/usr/bin/make" "cmTC_8e4bf/fast"
make[1]: Entering directory '/home/chris/workspace/c4/CMakeFiles/CMakeTmp'
/usr/bin/make -f CMakeFiles/cmTC_8e4bf.dir/build.make CMakeFiles/cmTC_8e4bf.dir/build
make[2]: Entering directory '/home/chris/workspace/c4/CMakeFiles/CMakeTmp'
Building C object CMakeFiles/cmTC_8e4bf.dir/CheckFunctionExists.c.o
/usr/bin/cc   -DCHECK_FUNCTION_EXISTS=pthread_create   -o CMakeFiles/cmTC_8e4bf.dir/CheckFunctionExists.c.o   -c /usr/share/cmake-3.10/Modules/CheckFunctionExists.c
Linking C executable cmTC_8e4bf
/usr/bin/cmake -E cmake_link_script CMakeFiles/cmTC_8e4bf.dir/link.txt --verbose=1
/usr/bin/cc  -DCHECK_FUNCTION_EXISTS=pthread_create    -rdynamic CMakeFiles/cmTC_8e4bf.dir/CheckFunctionExists.c.o  -o cmTC_8e4bf -lpthreads 
/usr/bin/ld: cannot find -lpthreads
collect2: error: ld returned 1 exit status
CMakeFiles/cmTC_8e4bf.dir/build.make:97: recipe for target 'cmTC_8e4bf' failed
make[2]: *** [cmTC_8e4bf] Error 1
make[2]: Leaving directory '/home/chris/workspace/c4/CMakeFiles/CMakeTmp'
Makefile:126: recipe for target 'cmTC_8e4bf/fast' failed
make[1]: *** [cmTC_8e4bf/fast] Error 2
make[1]: Leaving directory '/home/chris/workspace/c4/CMakeFiles/CMakeTmp'


